2018-02-14 12:20:32.491 Level=3 class=CCrackCaptchaClient       Func=Login                     Err=0         	Enter Login
2018-02-14 12:20:32.532 Level=2 class=CMySocket                 Func=Connect                   Err=0         	Connect server(-1750576173:123) success(socket=5572): connect return: 0
2018-02-14 12:20:32.535 Level=2 class=CMySocket                 Func=Connect                   Err=0         	Connect server(1397801337:123) success(socket=5544): connect return: 0
2018-02-14 12:20:32.640 Level=2 class=CMySocket                 Func=Connect                   Err=0         	Connect server(1910298604:80) success(socket=5624)
2018-02-14 12:20:32.641 Level=2 class=CMySocket                 Func=Connect                   Err=0         	Connect server(767548207:123) success(socket=5596): connect return: 0
2018-02-14 12:20:32.644 Level=2 class=CMySocket                 Func=Connect                   Err=-1102     	Connect fail(err=10049, server=20140207, port=123, socket=5536, time=1518582032)
2018-02-14 12:20:32.648 Level=2 class=TimeSync                  Func=RequestITime              Err=0         	Synchronize time success by cn.ntp.org.cn:123
2018-02-14 12:20:32.649 Level=2 class=CCrackCaptchaClient       Func=RequestServer             Err=0         	[1]request: seq=1, cmd=144
2018-02-14 12:20:32.666 Level=2 class=CMySocket                 Func=Connect                   Err=0         	Connect server(1496977189:8985) success(socket=5700)
2018-02-14 12:20:32.669 Level=2 class=CMySocket                 Func=Connect                   Err=0         	Connect server(898699045:8985) success(socket=5748)
2018-02-14 12:20:32.676 Level=2 class=CMySocket                 Func=Connect                   Err=0         	Connect server(898699045:8627) failed(socket=5568, time=1518582032)
2018-02-14 12:20:32.677 Level=2 class=CMySocket                 Func=Connect                   Err=0         	Connect server(898699045:9101) failed(socket=5596, time=1518582032)
2018-02-14 12:20:32.678 Level=2 class=CMySocket                 Func=Connect                   Err=0         	Connect server(1496977189:8627) failed(socket=5636, time=1518582032)
2018-02-14 12:20:32.680 Level=2 class=CMySocket                 Func=Connect                   Err=0         	Connect server(1496977189:9101) failed(socket=5552, time=1518582032)
2018-02-14 12:20:32.683 Level=0 class=CCrackCaptchaClient       Func=RequestServer             Err=0         	send data ok
2018-02-14 12:20:32.695 Level=0 class=CCrackCaptchaClient       Func=RequestServer             Err=0         	recv data(len= 90)
2018-02-14 12:20:32.696 Level=0 class=CCrackCaptchaClient       Func=RequestServer             Err=0         	recv data ok
2018-02-14 12:20:32.697 Level=2 class=CCrackCaptchaClient       Func=RequestServer             Err=0         	RequestServer Success
2018-02-14 12:20:32.709 Level=2 class=CMySocket                 Func=Connect                   Err=0         	Connect server(-392991705:8985) success(socket=5580)
2018-02-14 12:20:32.718 Level=2 class=CMySocket                 Func=Connect                   Err=0         	Connect server(-392991705:9101) failed(socket=5636, time=1518582032)
2018-02-14 12:20:32.719 Level=2 class=CMySocket                 Func=Connect                   Err=0         	Connect server(-392991705:8627) failed(socket=5800, time=1518582032)
2018-02-14 12:20:32.721 Level=0 class=CCrackCaptchaClient       Func=OnSocketAccepting         Err=0         	[2]connected to server(ip=-392991705, port=8985)
2018-02-14 12:20:32.723 Level=3 class=CCrackCaptchaClient       Func=InnerLogin                Err=0         	Enter InnerLogin
2018-02-14 12:20:32.725 Level=2 class=CCrackCaptchaClient       Func=InnerLogin                Err=0         	[2]request: seq=2, cmd=48
2018-02-14 12:20:32.727 Level=2 class=CCrackCaptchaClient       Func=OnSocketDataSent          Err=0         	[2]Data sent(len=186)
2018-02-14 12:20:32.761 Level=2 class=CCrackCaptchaClient       Func=HandleReceivedData        Err=0         	[2]received: seq=2, cmd=48, rsp=170
2018-02-14 12:20:32.762 Level=1 class=CCrackCaptchaClient       Func=InnerLogin                Err=0         	RespCode=170(seq=2)
2018-02-14 12:20:32.763 Level=3 class=CCrackCaptchaClient       Func=InnerLogin                Err=0         	Exit InnerLogin(used 31ms)
2018-02-14 12:20:32.764 Level=0 class=CCrackCaptchaClient       Func=Login                     Err=-1210     	Inner login failed
2018-02-14 12:20:32.765 Level=3 class=CCrackCaptchaClient       Func=Login                     Err=0         	Exit Login(used 265ms)
2018-02-14 12:22:17.515 Level=3 class=CCrackCaptchaClient       Func=Login                     Err=0         	Enter Login
2018-02-14 12:22:17.522 Level=2 class=CMySocket                 Func=Connect                   Err=0         	Connect server(1397801337:123) success(socket=5532): connect return: 0
2018-02-14 12:22:17.528 Level=2 class=CMySocket                 Func=Connect                   Err=-1102     	Connect fail(err=10049, server=20140207, port=123, socket=5524, time=1518582137)
2018-02-14 12:22:17.530 Level=2 class=CMySocket                 Func=Connect                   Err=0         	Connect server(211773991:123) success(socket=5556): connect return: 0
2018-02-14 12:22:17.633 Level=2 class=CMySocket                 Func=Connect                   Err=0         	Connect server(1910298604:80) success(socket=5604)
2018-02-14 12:22:17.635 Level=2 class=CMySocket                 Func=Connect                   Err=0         	Connect server(474109744:123) success(socket=5584): connect return: 0
2018-02-14 12:22:17.638 Level=2 class=TimeSync                  Func=RequestITime              Err=0         	Synchronize time success by cn.ntp.org.cn:123
2018-02-14 12:22:17.639 Level=2 class=CCrackCaptchaClient       Func=RequestServer             Err=0         	[1]request: seq=1, cmd=144
2018-02-14 12:22:17.656 Level=2 class=CMySocket                 Func=Connect                   Err=0         	Connect server(579931941:9101) success(socket=5564)
2018-02-14 12:22:17.661 Level=2 class=CMySocket                 Func=Connect                   Err=0         	Connect server(798035749:9101) success(socket=5672)
2018-02-14 12:22:17.667 Level=2 class=CMySocket                 Func=Connect                   Err=0         	Connect server(798035749:8985) failed(socket=5680, time=1518582137)
2018-02-14 12:22:17.668 Level=2 class=CMySocket                 Func=Connect                   Err=0         	Connect server(798035749:8972) failed(socket=5644, time=1518582137)
2018-02-14 12:22:17.669 Level=2 class=CMySocket                 Func=Connect                   Err=0         	Connect server(579931941:8972) failed(socket=5528, time=1518582137)
2018-02-14 12:22:17.670 Level=2 class=CMySocket                 Func=Connect                   Err=0         	Connect server(579931941:8985) failed(socket=5536, time=1518582137)
2018-02-14 12:22:17.673 Level=0 class=CCrackCaptchaClient       Func=RequestServer             Err=0         	send data ok
2018-02-14 12:22:17.684 Level=0 class=CCrackCaptchaClient       Func=RequestServer             Err=0         	recv data(len= 90)
2018-02-14 12:22:17.684 Level=0 class=CCrackCaptchaClient       Func=RequestServer             Err=0         	recv data ok
2018-02-14 12:22:17.685 Level=2 class=CCrackCaptchaClient       Func=RequestServer             Err=0         	RequestServer Success
2018-02-14 12:22:17.698 Level=2 class=CMySocket                 Func=Connect                   Err=0         	Connect server(-392991705:9101) success(socket=5644)
2018-02-14 12:22:17.708 Level=2 class=CMySocket                 Func=Connect                   Err=0         	Connect server(-392991705:8972) failed(socket=5496, time=1518582137)
2018-02-14 12:22:17.709 Level=2 class=CMySocket                 Func=Connect                   Err=0         	Connect server(-392991705:8985) failed(socket=5672, time=1518582137)
2018-02-14 12:22:17.711 Level=0 class=CCrackCaptchaClient       Func=OnSocketAccepting         Err=0         	[2]connected to server(ip=-392991705, port=9101)
2018-02-14 12:22:17.712 Level=3 class=CCrackCaptchaClient       Func=InnerLogin                Err=0         	Enter InnerLogin
2018-02-14 12:22:17.714 Level=2 class=CCrackCaptchaClient       Func=InnerLogin                Err=0         	[2]request: seq=2, cmd=48
2018-02-14 12:22:17.716 Level=2 class=CCrackCaptchaClient       Func=OnSocketDataSent          Err=0         	[2]Data sent(len=186)
2018-02-14 12:22:17.759 Level=2 class=CCrackCaptchaClient       Func=HandleReceivedData        Err=0         	[2]received: seq=2, cmd=48, rsp=226
2018-02-14 12:22:17.760 Level=1 class=CCrackCaptchaClient       Func=InnerLogin                Err=0         	RespCode=226(seq=2)
2018-02-14 12:22:17.760 Level=3 class=CCrackCaptchaClient       Func=InnerLogin                Err=0         	Exit InnerLogin(used 46ms)
2018-02-14 12:22:17.761 Level=0 class=CCrackCaptchaClient       Func=Login                     Err=-1210     	Inner login failed
2018-02-14 12:22:17.762 Level=3 class=CCrackCaptchaClient       Func=Login                     Err=0         	Exit Login(used 250ms)
2018-02-14 12:22:47.824 Level=2 class=CCrackCaptchaClient       Func=HeartBeatPacketSendThreadFunc Err=0         	[2]request: seq=3, cmd=253
2018-02-14 12:22:47.827 Level=2 class=CCrackCaptchaClient       Func=OnSocketDataSent          Err=0         	[2]Data sent(len=52)
2018-02-14 12:22:47.912 Level=2 class=CCrackCaptchaClient       Func=HandleReceivedData        Err=0         	[2]received: seq=3, cmd=253, rsp=0
2018-02-14 12:22:47.913 Level=2 class=CCrackCaptchaClient       Func=HeartBeatPacketSendThreadFunc Err=0         	Send HeatBeat success(seq=0, usedtime=94ms)
2018-02-14 12:23:17.952 Level=2 class=CCrackCaptchaClient       Func=HeartBeatPacketSendThreadFunc Err=0         	[2]request: seq=4, cmd=253
2018-02-14 12:23:17.957 Level=2 class=CCrackCaptchaClient       Func=OnSocketDataSent          Err=0         	[2]Data sent(len=52)
2018-02-14 12:23:17.965 Level=2 class=CCrackCaptchaClient       Func=HandleReceivedData        Err=0         	[2]received: seq=4, cmd=253, rsp=0
2018-02-14 12:23:17.968 Level=2 class=CCrackCaptchaClient       Func=HeartBeatPacketSendThreadFunc Err=0         	Send HeatBeat success(seq=0, usedtime=16ms)
2018-02-14 12:23:48.007 Level=2 class=CCrackCaptchaClient       Func=HeartBeatPacketSendThreadFunc Err=0         	[2]request: seq=5, cmd=253
2018-02-14 12:23:48.009 Level=2 class=CCrackCaptchaClient       Func=OnSocketDataSent          Err=0         	[2]Data sent(len=52)
2018-02-14 12:23:48.017 Level=2 class=CCrackCaptchaClient       Func=HandleReceivedData        Err=0         	[2]received: seq=5, cmd=253, rsp=0
2018-02-14 12:23:48.018 Level=2 class=CCrackCaptchaClient       Func=HeartBeatPacketSendThreadFunc Err=0         	Send HeatBeat success(seq=0, usedtime=0ms)
2018-02-14 12:24:18.054 Level=2 class=CCrackCaptchaClient       Func=HeartBeatPacketSendThreadFunc Err=0         	[2]request: seq=6, cmd=253
2018-02-14 12:24:18.056 Level=2 class=CCrackCaptchaClient       Func=OnSocketDataSent          Err=0         	[2]Data sent(len=52)
2018-02-14 12:24:18.065 Level=2 class=CCrackCaptchaClient       Func=HandleReceivedData        Err=0         	[2]received: seq=6, cmd=253, rsp=0
2018-02-14 12:24:18.066 Level=2 class=CCrackCaptchaClient       Func=HeartBeatPacketSendThreadFunc Err=0         	Send HeatBeat success(seq=0, usedtime=16ms)
2018-02-14 12:24:48.081 Level=2 class=CCrackCaptchaClient       Func=HeartBeatPacketSendThreadFunc Err=0         	[2]request: seq=7, cmd=253
2018-02-14 12:24:48.083 Level=2 class=CCrackCaptchaClient       Func=OnSocketDataSent          Err=0         	[2]Data sent(len=52)
2018-02-14 12:24:48.092 Level=2 class=CCrackCaptchaClient       Func=HandleReceivedData        Err=0         	[2]received: seq=7, cmd=253, rsp=0
2018-02-14 12:24:48.093 Level=2 class=CCrackCaptchaClient       Func=HeartBeatPacketSendThreadFunc Err=0         	Send HeatBeat success(seq=0, usedtime=16ms)
2018-02-14 12:25:18.178 Level=2 class=CCrackCaptchaClient       Func=HeartBeatPacketSendThreadFunc Err=0         	[2]request: seq=8, cmd=253
2018-02-14 12:25:18.180 Level=2 class=CCrackCaptchaClient       Func=OnSocketDataSent          Err=0         	[2]Data sent(len=52)
2018-02-14 12:25:18.189 Level=2 class=CCrackCaptchaClient       Func=HandleReceivedData        Err=0         	[2]received: seq=8, cmd=253, rsp=0
2018-02-14 12:25:18.189 Level=2 class=CCrackCaptchaClient       Func=HeartBeatPacketSendThreadFunc Err=0         	Send HeatBeat success(seq=0, usedtime=0ms)
2018-02-14 12:25:48.241 Level=2 class=CCrackCaptchaClient       Func=HeartBeatPacketSendThreadFunc Err=0         	[2]request: seq=9, cmd=253
2018-02-14 12:25:48.243 Level=2 class=CCrackCaptchaClient       Func=OnSocketDataSent          Err=0         	[2]Data sent(len=52)
2018-02-14 12:25:48.253 Level=2 class=CCrackCaptchaClient       Func=HandleReceivedData        Err=0         	[2]received: seq=9, cmd=253, rsp=0
2018-02-14 12:25:48.254 Level=2 class=CCrackCaptchaClient       Func=HeartBeatPacketSendThreadFunc Err=0         	Send HeatBeat success(seq=0, usedtime=15ms)
2018-02-14 12:26:18.261 Level=2 class=CCrackCaptchaClient       Func=HeartBeatPacketSendThreadFunc Err=0         	[2]request: seq=10, cmd=253
2018-02-14 12:26:18.263 Level=2 class=CCrackCaptchaClient       Func=OnSocketDataSent          Err=0         	[2]Data sent(len=52)
2018-02-14 12:26:18.274 Level=2 class=CCrackCaptchaClient       Func=HandleReceivedData        Err=0         	[2]received: seq=10, cmd=253, rsp=0
2018-02-14 12:26:18.275 Level=2 class=CCrackCaptchaClient       Func=HeartBeatPacketSendThreadFunc Err=0         	Send HeatBeat success(seq=0, usedtime=16ms)
2018-02-14 12:26:48.323 Level=2 class=CCrackCaptchaClient       Func=HeartBeatPacketSendThreadFunc Err=0         	[2]request: seq=11, cmd=253
2018-02-14 12:26:48.325 Level=2 class=CCrackCaptchaClient       Func=OnSocketDataSent          Err=0         	[2]Data sent(len=52)
2018-02-14 12:26:48.334 Level=2 class=CCrackCaptchaClient       Func=HandleReceivedData        Err=0         	[2]received: seq=11, cmd=253, rsp=0
2018-02-14 12:26:48.335 Level=2 class=CCrackCaptchaClient       Func=HeartBeatPacketSendThreadFunc Err=0         	Send HeatBeat success(seq=0, usedtime=16ms)
2018-02-14 12:27:18.387 Level=2 class=CCrackCaptchaClient       Func=HeartBeatPacketSendThreadFunc Err=0         	[2]request: seq=12, cmd=253
2018-02-14 12:27:18.391 Level=2 class=CCrackCaptchaClient       Func=OnSocketDataSent          Err=0         	[2]Data sent(len=52)
2018-02-14 12:27:18.401 Level=2 class=CCrackCaptchaClient       Func=HandleReceivedData        Err=0         	[2]received: seq=12, cmd=253, rsp=0
2018-02-14 12:27:18.403 Level=2 class=CCrackCaptchaClient       Func=HeartBeatPacketSendThreadFunc Err=0         	Send HeatBeat success(seq=0, usedtime=16ms)
2018-02-14 12:27:48.431 Level=2 class=CCrackCaptchaClient       Func=HeartBeatPacketSendThreadFunc Err=0         	[2]request: seq=13, cmd=253
2018-02-14 12:27:48.435 Level=2 class=CCrackCaptchaClient       Func=OnSocketDataSent          Err=0         	[2]Data sent(len=52)
2018-02-14 12:27:48.447 Level=2 class=CCrackCaptchaClient       Func=HandleReceivedData        Err=0         	[2]received: seq=13, cmd=253, rsp=0
2018-02-14 12:27:48.449 Level=2 class=CCrackCaptchaClient       Func=HeartBeatPacketSendThreadFunc Err=0         	Send HeatBeat success(seq=0, usedtime=16ms)
2018-02-14 12:28:18.483 Level=2 class=CCrackCaptchaClient       Func=HeartBeatPacketSendThreadFunc Err=0         	[2]request: seq=14, cmd=253
2018-02-14 12:28:18.485 Level=2 class=CCrackCaptchaClient       Func=OnSocketDataSent          Err=0         	[2]Data sent(len=52)
2018-02-14 12:28:18.494 Level=2 class=CCrackCaptchaClient       Func=HandleReceivedData        Err=0         	[2]received: seq=14, cmd=253, rsp=0
2018-02-14 12:28:18.494 Level=2 class=CCrackCaptchaClient       Func=HeartBeatPacketSendThreadFunc Err=0         	Send HeatBeat success(seq=0, usedtime=16ms)
2018-02-14 12:28:49.863 Level=3 class=CCrackCaptchaClient       Func=Login                     Err=0         	Enter Login
2018-02-14 12:28:49.872 Level=2 class=CMySocket                 Func=Connect                   Err=0         	Connect server(1397801337:123) success(socket=5560): connect return: 0
2018-02-14 12:28:49.878 Level=2 class=CMySocket                 Func=Connect                   Err=-1102     	Connect fail(err=10049, server=20140207, port=123, socket=5552, time=1518582529)
2018-02-14 12:28:49.882 Level=2 class=CMySocket                 Func=Connect                   Err=0         	Connect server(-1750576173:123) success(socket=5580): connect return: 0
2018-02-14 12:28:49.885 Level=2 class=CMySocket                 Func=Connect                   Err=0         	Connect server(767548207:123) success(socket=5612): connect return: 0
2018-02-14 12:28:49.989 Level=2 class=CMySocket                 Func=Connect                   Err=0         	Connect server(1910298604:80) success(socket=5640)
2018-02-14 12:28:49.994 Level=2 class=TimeSync                  Func=RequestITime              Err=0         	Synchronize time success by cn.ntp.org.cn:123
2018-02-14 12:28:49.996 Level=2 class=CCrackCaptchaClient       Func=RequestServer             Err=0         	[1]request: seq=1, cmd=144
2018-02-14 12:28:50.014 Level=2 class=CMySocket                 Func=Connect                   Err=0         	Connect server(-1791488219:9075) success(socket=5628)
2018-02-14 12:28:50.017 Level=2 class=CMySocket                 Func=Connect                   Err=0         	Connect server(1016139557:9075) success(socket=5408)
2018-02-14 12:28:50.025 Level=2 class=CMySocket                 Func=Connect                   Err=0         	Connect server(1016139557:8373) failed(socket=5556, time=1518582530)
2018-02-14 12:28:50.027 Level=2 class=CMySocket                 Func=Connect                   Err=0         	Connect server(1016139557:8972) failed(socket=5524, time=1518582530)
2018-02-14 12:28:50.028 Level=2 class=CMySocket                 Func=Connect                   Err=0         	Connect server(-1791488219:8373) failed(socket=5636, time=1518582529)
2018-02-14 12:28:50.029 Level=2 class=CMySocket                 Func=Connect                   Err=0         	Connect server(-1791488219:8972) failed(socket=5644, time=1518582529)
2018-02-14 12:28:50.032 Level=0 class=CCrackCaptchaClient       Func=RequestServer             Err=0         	send data ok
2018-02-14 12:28:50.043 Level=0 class=CCrackCaptchaClient       Func=RequestServer             Err=0         	recv data(len= 90)
2018-02-14 12:28:50.044 Level=0 class=CCrackCaptchaClient       Func=RequestServer             Err=0         	recv data ok
2018-02-14 12:28:50.044 Level=2 class=CCrackCaptchaClient       Func=RequestServer             Err=0         	RequestServer Success
2018-02-14 12:28:50.057 Level=2 class=CMySocket                 Func=Connect                   Err=0         	Connect server(-392991705:9075) success(socket=5660)
2018-02-14 12:28:50.114 Level=2 class=CMySocket                 Func=Connect                   Err=0         	Connect server(-392991705:8373) failed(socket=5748, time=1518582530)
2018-02-14 12:28:50.116 Level=2 class=CMySocket                 Func=Connect                   Err=0         	Connect server(-392991705:8972) failed(socket=5712, time=1518582530)
2018-02-14 12:28:50.119 Level=0 class=CCrackCaptchaClient       Func=OnSocketAccepting         Err=0         	[2]connected to server(ip=-392991705, port=9075)
2018-02-14 12:28:50.122 Level=3 class=CCrackCaptchaClient       Func=InnerLogin                Err=0         	Enter InnerLogin
2018-02-14 12:28:50.125 Level=2 class=CCrackCaptchaClient       Func=InnerLogin                Err=0         	[2]request: seq=2, cmd=48
2018-02-14 12:28:50.128 Level=2 class=CCrackCaptchaClient       Func=OnSocketDataSent          Err=0         	[2]Data sent(len=186)
2018-02-14 12:28:50.163 Level=2 class=CCrackCaptchaClient       Func=HandleReceivedData        Err=0         	[2]received: seq=2, cmd=48, rsp=226
2018-02-14 12:28:50.164 Level=1 class=CCrackCaptchaClient       Func=InnerLogin                Err=0         	RespCode=226(seq=2)
2018-02-14 12:28:50.166 Level=3 class=CCrackCaptchaClient       Func=InnerLogin                Err=0         	Exit InnerLogin(used 47ms)
2018-02-14 12:28:50.167 Level=0 class=CCrackCaptchaClient       Func=Login                     Err=-1210     	Inner login failed
2018-02-14 12:28:50.171 Level=3 class=CCrackCaptchaClient       Func=Login                     Err=0         	Exit Login(used 297ms)
2018-02-14 12:30:09.115 Level=3 class=CCrackCaptchaClient       Func=Login                     Err=0         	Enter Login
2018-02-14 12:30:09.121 Level=2 class=CMySocket                 Func=Connect                   Err=0         	Connect server(-1750576173:123) success(socket=5516): connect return: 0
2018-02-14 12:30:09.125 Level=2 class=CMySocket                 Func=Connect                   Err=-1102     	Connect fail(err=10049, server=20140207, port=123, socket=5560, time=1518582609)
2018-02-14 12:30:09.229 Level=2 class=CMySocket                 Func=Connect                   Err=0         	Connect server(1910298604:80) success(socket=5636)
2018-02-14 12:30:09.231 Level=2 class=CMySocket                 Func=Connect                   Err=0         	Connect server(211773991:123) success(socket=5568): connect return: 0
2018-02-14 12:30:09.232 Level=2 class=CMySocket                 Func=Connect                   Err=0         	Connect server(-1379869905:123) success(socket=5608): connect return: 0
2018-02-14 12:30:09.235 Level=2 class=TimeSync                  Func=RequestITime              Err=0         	Synchronize time success by asia.pool.ntp.org:123
2018-02-14 12:30:09.236 Level=2 class=CCrackCaptchaClient       Func=RequestServer             Err=0         	[1]request: seq=1, cmd=144
2018-02-14 12:30:09.251 Level=2 class=CMySocket                 Func=Connect                   Err=0         	Connect server(1496977189:8373) success(socket=5652)
2018-02-14 12:30:09.256 Level=2 class=CMySocket                 Func=Connect                   Err=0         	Connect server(798035749:8373) success(socket=5716)
2018-02-14 12:30:09.261 Level=2 class=CMySocket                 Func=Connect                   Err=0         	Connect server(798035749:9311) failed(socket=5536, time=1518582609)
2018-02-14 12:30:09.262 Level=2 class=CMySocket                 Func=Connect                   Err=0         	Connect server(798035749:9075) failed(socket=5580, time=1518582609)
2018-02-14 12:30:09.263 Level=2 class=CMySocket                 Func=Connect                   Err=0         	Connect server(1496977189:9311) failed(socket=5520, time=1518582609)
2018-02-14 12:30:09.264 Level=2 class=CMySocket                 Func=Connect                   Err=0         	Connect server(1496977189:9075) failed(socket=5684, time=1518582609)
2018-02-14 12:30:09.267 Level=0 class=CCrackCaptchaClient       Func=RequestServer             Err=0         	send data ok
2018-02-14 12:30:09.279 Level=0 class=CCrackCaptchaClient       Func=RequestServer             Err=0         	recv data(len= 90)
2018-02-14 12:30:09.279 Level=0 class=CCrackCaptchaClient       Func=RequestServer             Err=0         	recv data ok
2018-02-14 12:30:09.281 Level=2 class=CCrackCaptchaClient       Func=RequestServer             Err=0         	RequestServer Success
2018-02-14 12:30:09.293 Level=2 class=CMySocket                 Func=Connect                   Err=0         	Connect server(-392991705:8373) success(socket=5740)
2018-02-14 12:30:09.302 Level=2 class=CMySocket                 Func=Connect                   Err=0         	Connect server(-392991705:9311) failed(socket=5624, time=1518582609)
2018-02-14 12:30:09.303 Level=2 class=CMySocket                 Func=Connect                   Err=0         	Connect server(-392991705:9075) failed(socket=5616, time=1518582609)
2018-02-14 12:30:09.305 Level=0 class=CCrackCaptchaClient       Func=OnSocketAccepting         Err=0         	[2]connected to server(ip=-392991705, port=8373)
2018-02-14 12:30:09.306 Level=3 class=CCrackCaptchaClient       Func=InnerLogin                Err=0         	Enter InnerLogin
2018-02-14 12:30:09.308 Level=2 class=CCrackCaptchaClient       Func=InnerLogin                Err=0         	[2]request: seq=2, cmd=48
2018-02-14 12:30:09.310 Level=2 class=CCrackCaptchaClient       Func=OnSocketDataSent          Err=0         	[2]Data sent(len=186)
2018-02-14 12:30:09.365 Level=2 class=CCrackCaptchaClient       Func=HandleReceivedData        Err=0         	[2]received: seq=2, cmd=48, rsp=0
2018-02-14 12:30:09.367 Level=2 class=CCrackCaptchaClient       Func=InnerLogin                Err=0         	moker1018 login(softname=test)
2018-02-14 12:30:09.367 Level=3 class=CCrackCaptchaClient       Func=InnerLogin                Err=0         	Exit InnerLogin(used 63ms)
2018-02-14 12:30:09.368 Level=3 class=CCrackCaptchaClient       Func=Login                     Err=0         	Exit Login(used 250ms)
2018-02-14 12:30:09.369 Level=2 class=CCrackCaptchaClient       Func=RequestDecode             Err=0         	start decode: datalen=9498, ext=JPG, len=0, timeout=30, type=92056
2018-02-14 12:30:09.383 Level=3 class=CCrackCaptchaClient       Func=RequestDecode             Err=0         	Exit RequestDecode(used 15ms)
2018-02-14 12:30:09.384 Level=2 class=CCrackCaptchaClient       Func=GetDecodeResult           Err=0         	start GetResult: processID=3, uTimeout=30000
2018-02-14 12:30:09.385 Level=0 class=CCrackCaptchaClient       Func=UploadFileThreadFunc      Err=0         	start upload file(seq=3) ...
2018-02-14 12:30:09.386 Level=2 class=CCrackCaptchaClient       Func=UploadFile                Err=0         	[2]request: seq=4, cmd=59
2018-02-14 12:30:09.390 Level=2 class=CCrackCaptchaClient       Func=OnSocketDataSent          Err=0         	[2]Data sent(len=9600)
2018-02-14 12:30:09.412 Level=2 class=CCrackCaptchaClient       Func=HandleReceivedData        Err=0         	[2]received: seq=4, cmd=59, rsp=0
2018-02-14 12:30:09.413 Level=0 class=CCrackCaptchaClient       Func=UploadFileThreadFunc      Err=0         	end upload file(seq=3) ...
2018-02-14 12:30:09.416 Level=2 class=CCrackCaptchaClient       Func=UploadFileThreadFunc      Err=0         	[2]request: seq=3, cmd=53
2018-02-14 12:30:09.418 Level=2 class=CCrackCaptchaClient       Func=OnSocketDataSent          Err=0         	[2]Data sent(len=283)
2018-02-14 12:30:09.459 Level=2 class=CCrackCaptchaClient       Func=HandleReceivedData        Err=0         	[2]received: seq=3, cmd=53, rsp=0
2018-02-14 12:30:09.460 Level=2 class=CCrackCaptchaClient       Func=InnerGetDecodeResult      Err=0         	[2]request: seq=5, cmd=60
2018-02-14 12:30:09.462 Level=2 class=CCrackCaptchaClient       Func=OnSocketDataSent          Err=0         	[2]Data sent(len=38)
2018-02-14 12:30:20.747 Level=2 class=CCrackCaptchaClient       Func=HandleReceivedData        Err=0         	[2]received: seq=5, cmd=60, rsp=0
2018-02-14 12:30:20.748 Level=2 class=CCrackCaptchaClient       Func=InnerGetDecodeResult      Err=0         	GetDecodeResult success(uProcessID=3, vcodeid=1343934513, VCode=FALVH)
2018-02-14 12:30:20.748 Level=0 class=CCrackCaptchaClient       Func=GetDecodeResult           Err=0         	GetResult Success: processID=3, VCode=FALVH, id=1343934513
2018-02-14 12:30:50.770 Level=2 class=CCrackCaptchaClient       Func=HeartBeatPacketSendThreadFunc Err=0         	[2]request: seq=6, cmd=253
2018-02-14 12:30:50.774 Level=2 class=CCrackCaptchaClient       Func=OnSocketDataSent          Err=0         	[2]Data sent(len=52)
2018-02-14 12:30:50.783 Level=2 class=CCrackCaptchaClient       Func=HandleReceivedData        Err=0         	[2]received: seq=6, cmd=253, rsp=0
2018-02-14 12:30:50.785 Level=2 class=CCrackCaptchaClient       Func=HeartBeatPacketSendThreadFunc Err=0         	Send HeatBeat success(seq=0, usedtime=16ms)
2018-02-14 12:32:38.606 Level=3 class=CCrackCaptchaClient       Func=Login                     Err=0         	Enter Login
2018-02-14 12:32:38.614 Level=2 class=CMySocket                 Func=Connect                   Err=0         	Connect server(211773991:123) success(socket=5488): connect return: 0
2018-02-14 12:32:38.718 Level=2 class=CMySocket                 Func=Connect                   Err=0         	Connect server(1910298604:80) success(socket=5600)
2018-02-14 12:32:38.719 Level=2 class=CMySocket                 Func=Connect                   Err=-1102     	Connect fail(err=10049, server=20140207, port=123, socket=5480, time=1518582758)
2018-02-14 12:32:38.720 Level=2 class=CMySocket                 Func=Connect                   Err=0         	Connect server(346450471:123) success(socket=5540): connect return: 0
2018-02-14 12:32:38.721 Level=2 class=CMySocket                 Func=Connect                   Err=0         	Connect server(60093491:123) success(socket=5548): connect return: 0
2018-02-14 12:32:38.725 Level=2 class=TimeSync                  Func=RequestITime              Err=0         	Synchronize time success by cn.ntp.org.cn:123
2018-02-14 12:32:38.726 Level=2 class=CCrackCaptchaClient       Func=RequestServer             Err=0         	[1]request: seq=1, cmd=144
2018-02-14 12:32:38.743 Level=2 class=CMySocket                 Func=Connect                   Err=0         	Connect server(1496977189:8373) success(socket=5600)
2018-02-14 12:32:38.745 Level=2 class=CMySocket                 Func=Connect                   Err=0         	Connect server(1016139557:8373) success(socket=5652)
2018-02-14 12:32:38.752 Level=2 class=CMySocket                 Func=Connect                   Err=0         	Connect server(1016139557:9075) failed(socket=5580, time=1518582758)
2018-02-14 12:32:38.753 Level=2 class=CMySocket                 Func=Connect                   Err=0         	Connect server(1016139557:9311) failed(socket=5668, time=1518582758)
2018-02-14 12:32:38.754 Level=2 class=CMySocket                 Func=Connect                   Err=0         	Connect server(1496977189:9075) failed(socket=5548, time=1518582758)
2018-02-14 12:32:38.755 Level=2 class=CMySocket                 Func=Connect                   Err=0         	Connect server(1496977189:9311) failed(socket=5532, time=1518582758)
2018-02-14 12:32:38.758 Level=0 class=CCrackCaptchaClient       Func=RequestServer             Err=0         	send data ok
2018-02-14 12:32:38.769 Level=0 class=CCrackCaptchaClient       Func=RequestServer             Err=0         	recv data(len= 90)
2018-02-14 12:32:38.770 Level=0 class=CCrackCaptchaClient       Func=RequestServer             Err=0         	recv data ok
2018-02-14 12:32:38.771 Level=2 class=CCrackCaptchaClient       Func=RequestServer             Err=0         	RequestServer Success
2018-02-14 12:32:38.783 Level=2 class=CMySocket                 Func=Connect                   Err=0         	Connect server(-392991705:8373) success(socket=5688)
2018-02-14 12:32:38.793 Level=2 class=CMySocket                 Func=Connect                   Err=0         	Connect server(-392991705:9075) failed(socket=5664, time=1518582758)
2018-02-14 12:32:38.794 Level=2 class=CMySocket                 Func=Connect                   Err=0         	Connect server(-392991705:9311) failed(socket=5616, time=1518582758)
2018-02-14 12:32:38.795 Level=0 class=CCrackCaptchaClient       Func=OnSocketAccepting         Err=0         	[2]connected to server(ip=-392991705, port=8373)
2018-02-14 12:32:38.797 Level=3 class=CCrackCaptchaClient       Func=InnerLogin                Err=0         	Enter InnerLogin
2018-02-14 12:32:38.799 Level=2 class=CCrackCaptchaClient       Func=InnerLogin                Err=0         	[2]request: seq=2, cmd=48
2018-02-14 12:32:38.800 Level=2 class=CCrackCaptchaClient       Func=OnSocketDataSent          Err=0         	[2]Data sent(len=186)
2018-02-14 12:32:38.838 Level=2 class=CCrackCaptchaClient       Func=HandleReceivedData        Err=0         	[2]received: seq=2, cmd=48, rsp=0
2018-02-14 12:32:38.839 Level=2 class=CCrackCaptchaClient       Func=InnerLogin                Err=0         	moker1018 login(softname=test)
2018-02-14 12:32:38.839 Level=3 class=CCrackCaptchaClient       Func=InnerLogin                Err=0         	Exit InnerLogin(used 47ms)
2018-02-14 12:32:38.840 Level=3 class=CCrackCaptchaClient       Func=Login                     Err=0         	Exit Login(used 235ms)
2018-02-14 12:32:38.841 Level=2 class=CCrackCaptchaClient       Func=RequestDecode             Err=0         	start decode: datalen=10191, ext=JPG, len=0, timeout=30, type=92056
2018-02-14 12:32:38.846 Level=3 class=CCrackCaptchaClient       Func=RequestDecode             Err=0         	Exit RequestDecode(used 0ms)
2018-02-14 12:32:38.847 Level=0 class=CCrackCaptchaClient       Func=UploadFileThreadFunc      Err=0         	start upload file(seq=3) ...
2018-02-14 12:32:38.847 Level=2 class=CCrackCaptchaClient       Func=GetDecodeResult           Err=0         	start GetResult: processID=3, uTimeout=30000
2018-02-14 12:32:38.848 Level=2 class=CCrackCaptchaClient       Func=UploadFile                Err=0         	[2]request: seq=4, cmd=59
2018-02-14 12:32:38.851 Level=2 class=CCrackCaptchaClient       Func=OnSocketDataSent          Err=0         	[2]Data sent(len=10293)
2018-02-14 12:32:38.867 Level=2 class=CCrackCaptchaClient       Func=HandleReceivedData        Err=0         	[2]received: seq=4, cmd=59, rsp=0
2018-02-14 12:32:38.868 Level=0 class=CCrackCaptchaClient       Func=UploadFileThreadFunc      Err=0         	end upload file(seq=3) ...
2018-02-14 12:32:38.870 Level=2 class=CCrackCaptchaClient       Func=UploadFileThreadFunc      Err=0         	[2]request: seq=3, cmd=53
2018-02-14 12:32:38.871 Level=2 class=CCrackCaptchaClient       Func=OnSocketDataSent          Err=0         	[2]Data sent(len=281)
2018-02-14 12:32:38.913 Level=2 class=CCrackCaptchaClient       Func=HandleReceivedData        Err=0         	[2]received: seq=3, cmd=53, rsp=0
2018-02-14 12:32:38.914 Level=2 class=CCrackCaptchaClient       Func=InnerGetDecodeResult      Err=0         	[2]request: seq=5, cmd=60
2018-02-14 12:32:38.915 Level=2 class=CCrackCaptchaClient       Func=OnSocketDataSent          Err=0         	[2]Data sent(len=38)
2018-02-14 12:32:42.507 Level=2 class=CCrackCaptchaClient       Func=HandleReceivedData        Err=0         	[2]received: seq=5, cmd=60, rsp=0
2018-02-14 12:32:42.508 Level=2 class=CCrackCaptchaClient       Func=InnerGetDecodeResult      Err=0         	GetDecodeResult success(uProcessID=3, vcodeid=1343942986, VCode=Y7E7J)
2018-02-14 12:32:42.509 Level=0 class=CCrackCaptchaClient       Func=GetDecodeResult           Err=0         	GetResult Success: processID=3, VCode=Y7E7J, id=1343942986
2018-02-14 12:33:12.527 Level=2 class=CCrackCaptchaClient       Func=HeartBeatPacketSendThreadFunc Err=0         	[2]request: seq=6, cmd=253
2018-02-14 12:33:12.529 Level=2 class=CCrackCaptchaClient       Func=OnSocketDataSent          Err=0         	[2]Data sent(len=52)
2018-02-14 12:33:12.537 Level=2 class=CCrackCaptchaClient       Func=HandleReceivedData        Err=0         	[2]received: seq=6, cmd=253, rsp=0
2018-02-14 12:33:12.538 Level=2 class=CCrackCaptchaClient       Func=HeartBeatPacketSendThreadFunc Err=0         	Send HeatBeat success(seq=0, usedtime=16ms)
2018-02-14 12:33:17.701 Level=3 class=CCrackCaptchaClient       Func=Login                     Err=0         	Enter Login
2018-02-14 12:33:17.703 Level=3 class=CCrackCaptchaClient       Func=Login                     Err=0         	Exit Login(used 0ms)
2018-02-14 12:33:17.704 Level=2 class=CCrackCaptchaClient       Func=RequestDecode             Err=0         	start decode: datalen=10191, ext=JPG, len=0, timeout=30, type=92056
2018-02-14 12:33:17.705 Level=3 class=CCrackCaptchaClient       Func=RequestDecode             Err=0         	Exit RequestDecode(used 0ms)
2018-02-14 12:33:17.706 Level=0 class=CCrackCaptchaClient       Func=UploadFileThreadFunc      Err=0         	start upload file(seq=7) ...
2018-02-14 12:33:17.707 Level=2 class=CCrackCaptchaClient       Func=GetDecodeResult           Err=0         	start GetResult: processID=7, uTimeout=30000
2018-02-14 12:33:17.708 Level=2 class=CCrackCaptchaClient       Func=UploadFile                Err=0         	[2]request: seq=8, cmd=59
2018-02-14 12:33:17.711 Level=2 class=CCrackCaptchaClient       Func=OnSocketDataSent          Err=0         	[2]Data sent(len=10293)
2018-02-14 12:33:17.722 Level=2 class=CCrackCaptchaClient       Func=HandleReceivedData        Err=0         	[2]received: seq=8, cmd=59, rsp=0
2018-02-14 12:33:17.723 Level=0 class=CCrackCaptchaClient       Func=UploadFileThreadFunc      Err=0         	end upload file(seq=7) ...
2018-02-14 12:33:17.725 Level=2 class=CCrackCaptchaClient       Func=UploadFileThreadFunc      Err=0         	[2]request: seq=7, cmd=53
2018-02-14 12:33:17.726 Level=2 class=CCrackCaptchaClient       Func=OnSocketDataSent          Err=0         	[2]Data sent(len=281)
2018-02-14 12:33:17.801 Level=2 class=CCrackCaptchaClient       Func=HandleReceivedData        Err=0         	[2]received: seq=7, cmd=53, rsp=0
2018-02-14 12:33:17.802 Level=2 class=CCrackCaptchaClient       Func=InnerGetDecodeResult      Err=0         	[2]request: seq=9, cmd=60
2018-02-14 12:33:17.803 Level=2 class=CCrackCaptchaClient       Func=OnSocketDataSent          Err=0         	[2]Data sent(len=38)
2018-02-14 12:33:22.211 Level=2 class=CCrackCaptchaClient       Func=HandleReceivedData        Err=0         	[2]received: seq=9, cmd=60, rsp=0
2018-02-14 12:33:22.213 Level=2 class=CCrackCaptchaClient       Func=InnerGetDecodeResult      Err=0         	GetDecodeResult success(uProcessID=7, vcodeid=1343945212, VCode=Y7E7J)
2018-02-14 12:33:22.215 Level=0 class=CCrackCaptchaClient       Func=GetDecodeResult           Err=0         	GetResult Success: processID=7, VCode=Y7E7J, id=1343945212
2018-02-14 12:33:56.761 Level=3 class=CCrackCaptchaClient       Func=Login                     Err=0         	Enter Login
2018-02-14 12:33:56.766 Level=2 class=CMySocket                 Func=Connect                   Err=0         	Connect server(211773991:123) success(socket=5556): connect return: 0
2018-02-14 12:33:56.772 Level=2 class=CMySocket                 Func=Connect                   Err=-1102     	Connect fail(err=10049, server=20140207, port=123, socket=5548, time=1518582836)
2018-02-14 12:33:56.775 Level=2 class=CMySocket                 Func=Connect                   Err=0         	Connect server(-1148700030:123) success(socket=5580): connect return: 0
2018-02-14 12:33:56.778 Level=2 class=CMySocket                 Func=Connect                   Err=0         	Connect server(767548207:123) success(socket=5604): connect return: 0
2018-02-14 12:33:56.880 Level=2 class=CMySocket                 Func=Connect                   Err=0         	Connect server(1910298604:80) success(socket=5640)
2018-02-14 12:33:56.885 Level=2 class=TimeSync                  Func=RequestITime              Err=0         	Synchronize time success by cn.ntp.org.cn:123
2018-02-14 12:33:56.887 Level=2 class=CCrackCaptchaClient       Func=RequestServer             Err=0         	[1]request: seq=1, cmd=144
2018-02-14 12:33:56.904 Level=2 class=CMySocket                 Func=Connect                   Err=0         	Connect server(781258533:9311) success(socket=5608)
2018-02-14 12:33:56.907 Level=2 class=CMySocket                 Func=Connect                   Err=0         	Connect server(798035749:9311) success(socket=5616)
2018-02-14 12:33:56.913 Level=2 class=CMySocket                 Func=Connect                   Err=0         	Connect server(798035749:8809) failed(socket=5596, time=1518582836)
2018-02-14 12:33:56.916 Level=2 class=CMySocket                 Func=Connect                   Err=0         	Connect server(798035749:8373) failed(socket=5736, time=1518582836)
2018-02-14 12:33:56.919 Level=2 class=CMySocket                 Func=Connect                   Err=0         	Connect server(781258533:8809) failed(socket=5604, time=1518582836)
2018-02-14 12:33:56.922 Level=2 class=CMySocket                 Func=Connect                   Err=0         	Connect server(781258533:8373) failed(socket=5676, time=1518582836)
2018-02-14 12:33:56.926 Level=0 class=CCrackCaptchaClient       Func=RequestServer             Err=0         	send data ok
2018-02-14 12:33:56.937 Level=0 class=CCrackCaptchaClient       Func=RequestServer             Err=0         	recv data(len= 90)
2018-02-14 12:33:56.938 Level=0 class=CCrackCaptchaClient       Func=RequestServer             Err=0         	recv data ok
2018-02-14 12:33:56.939 Level=2 class=CCrackCaptchaClient       Func=RequestServer             Err=0         	RequestServer Success
2018-02-14 12:33:56.951 Level=2 class=CMySocket                 Func=Connect                   Err=0         	Connect server(-392991705:9311) success(socket=5776)
2018-02-14 12:33:56.961 Level=2 class=CMySocket                 Func=Connect                   Err=0         	Connect server(-392991705:8809) failed(socket=5660, time=1518582836)
2018-02-14 12:33:56.963 Level=2 class=CMySocket                 Func=Connect                   Err=0         	Connect server(-392991705:8373) failed(socket=5640, time=1518582836)
2018-02-14 12:33:56.965 Level=0 class=CCrackCaptchaClient       Func=OnSocketAccepting         Err=0         	[2]connected to server(ip=-392991705, port=9311)
2018-02-14 12:33:56.966 Level=3 class=CCrackCaptchaClient       Func=InnerLogin                Err=0         	Enter InnerLogin
2018-02-14 12:33:56.968 Level=2 class=CCrackCaptchaClient       Func=InnerLogin                Err=0         	[2]request: seq=2, cmd=48
2018-02-14 12:33:56.970 Level=2 class=CCrackCaptchaClient       Func=OnSocketDataSent          Err=0         	[2]Data sent(len=186)
2018-02-14 12:33:57.009 Level=2 class=CCrackCaptchaClient       Func=HandleReceivedData        Err=0         	[2]received: seq=2, cmd=48, rsp=0
2018-02-14 12:33:57.011 Level=2 class=CCrackCaptchaClient       Func=InnerLogin                Err=0         	moker1018 login(softname=test)
2018-02-14 12:33:57.011 Level=3 class=CCrackCaptchaClient       Func=InnerLogin                Err=0         	Exit InnerLogin(used 46ms)
2018-02-14 12:33:57.012 Level=3 class=CCrackCaptchaClient       Func=Login                     Err=0         	Exit Login(used 250ms)
2018-02-14 12:33:57.013 Level=2 class=CCrackCaptchaClient       Func=RequestDecode             Err=0         	start decode: datalen=7769, ext=JPG, len=0, timeout=30, type=92056
2018-02-14 12:33:57.017 Level=3 class=CCrackCaptchaClient       Func=RequestDecode             Err=0         	Exit RequestDecode(used 0ms)
2018-02-14 12:33:57.018 Level=0 class=CCrackCaptchaClient       Func=UploadFileThreadFunc      Err=0         	start upload file(seq=3) ...
2018-02-14 12:33:57.019 Level=2 class=CCrackCaptchaClient       Func=GetDecodeResult           Err=0         	start GetResult: processID=3, uTimeout=30000
2018-02-14 12:33:57.020 Level=2 class=CCrackCaptchaClient       Func=UploadFile                Err=0         	[2]request: seq=4, cmd=59
2018-02-14 12:33:57.022 Level=2 class=CCrackCaptchaClient       Func=OnSocketDataSent          Err=0         	[2]Data sent(len=7871)
2018-02-14 12:33:57.034 Level=2 class=CCrackCaptchaClient       Func=HandleReceivedData        Err=0         	[2]received: seq=4, cmd=59, rsp=0
2018-02-14 12:33:57.035 Level=0 class=CCrackCaptchaClient       Func=UploadFileThreadFunc      Err=0         	end upload file(seq=3) ...
2018-02-14 12:33:57.036 Level=2 class=CCrackCaptchaClient       Func=UploadFileThreadFunc      Err=0         	[2]request: seq=3, cmd=53
2018-02-14 12:33:57.038 Level=2 class=CCrackCaptchaClient       Func=OnSocketDataSent          Err=0         	[2]Data sent(len=281)
2018-02-14 12:33:57.081 Level=2 class=CCrackCaptchaClient       Func=HandleReceivedData        Err=0         	[2]received: seq=3, cmd=53, rsp=0
2018-02-14 12:33:57.084 Level=2 class=CCrackCaptchaClient       Func=InnerGetDecodeResult      Err=0         	[2]request: seq=5, cmd=60
2018-02-14 12:33:57.089 Level=2 class=CCrackCaptchaClient       Func=OnSocketDataSent          Err=0         	[2]Data sent(len=38)
2018-02-14 12:34:01.042 Level=2 class=CCrackCaptchaClient       Func=HandleReceivedData        Err=0         	[2]received: seq=5, cmd=60, rsp=0
2018-02-14 12:34:01.044 Level=2 class=CCrackCaptchaClient       Func=InnerGetDecodeResult      Err=0         	GetDecodeResult success(uProcessID=3, vcodeid=1343947652, VCode=PQY4A)
2018-02-14 12:34:01.046 Level=0 class=CCrackCaptchaClient       Func=GetDecodeResult           Err=0         	GetResult Success: processID=3, VCode=PQY4A, id=1343947652
2018-02-14 12:34:31.147 Level=2 class=CCrackCaptchaClient       Func=HeartBeatPacketSendThreadFunc Err=0         	[2]request: seq=6, cmd=253
2018-02-14 12:34:31.149 Level=2 class=CCrackCaptchaClient       Func=OnSocketDataSent          Err=0         	[2]Data sent(len=52)
2018-02-14 12:34:31.157 Level=2 class=CCrackCaptchaClient       Func=HandleReceivedData        Err=0         	[2]received: seq=6, cmd=253, rsp=0
2018-02-14 12:34:31.158 Level=2 class=CCrackCaptchaClient       Func=HeartBeatPacketSendThreadFunc Err=0         	Send HeatBeat success(seq=0, usedtime=0ms)
2018-02-14 12:35:12.453 Level=3 class=CCrackCaptchaClient       Func=Login                     Err=0         	Enter Login
2018-02-14 12:35:12.460 Level=2 class=CMySocket                 Func=Connect                   Err=0         	Connect server(211773991:123) success(socket=5564): connect return: 0
2018-02-14 12:35:12.463 Level=2 class=CMySocket                 Func=Connect                   Err=0         	Connect server(-1148700030:123) success(socket=5588): connect return: 0
2018-02-14 12:35:12.567 Level=2 class=CMySocket                 Func=Connect                   Err=0         	Connect server(1910298604:80) success(socket=5632)
2018-02-14 12:35:12.573 Level=2 class=CMySocket                 Func=Connect                   Err=0         	Connect server(76805171:123) success(socket=5620): connect return: 0
2018-02-14 12:35:12.575 Level=2 class=CMySocket                 Func=Connect                   Err=-1102     	Connect fail(err=10049, server=20140207, port=123, socket=5556, time=1518582912)
2018-02-14 12:35:12.579 Level=2 class=TimeSync                  Func=RequestITime              Err=0         	Synchronize time success by cn.ntp.org.cn:123
2018-02-14 12:35:12.580 Level=2 class=CCrackCaptchaClient       Func=RequestServer             Err=0         	[1]request: seq=1, cmd=144
2018-02-14 12:35:12.604 Level=2 class=CMySocket                 Func=Connect                   Err=0         	Connect server(1496977189:9311) success(socket=5676)
2018-02-14 12:35:12.613 Level=2 class=CMySocket                 Func=Connect                   Err=0         	Connect server(1049693989:8809) failed(socket=5728, time=1518582912)
2018-02-14 12:35:12.616 Level=2 class=CMySocket                 Func=Connect                   Err=0         	Connect server(1049693989:8373) failed(socket=5524, time=1518582912)
2018-02-14 12:35:12.619 Level=2 class=CMySocket                 Func=Connect                   Err=0         	Connect server(1049693989:9311) failed(socket=5680, time=1518582912)
2018-02-14 12:35:12.620 Level=2 class=CMySocket                 Func=Connect                   Err=0         	Connect server(1496977189:8809) failed(socket=5660, time=1518582912)
2018-02-14 12:35:12.622 Level=2 class=CMySocket                 Func=Connect                   Err=0         	Connect server(1496977189:8373) failed(socket=5572, time=1518582912)
2018-02-14 12:35:12.626 Level=0 class=CCrackCaptchaClient       Func=RequestServer             Err=0         	send data ok
2018-02-14 12:35:12.636 Level=0 class=CCrackCaptchaClient       Func=RequestServer             Err=0         	recv data(len= 90)
2018-02-14 12:35:12.637 Level=0 class=CCrackCaptchaClient       Func=RequestServer             Err=0         	recv data ok
2018-02-14 12:35:12.638 Level=2 class=CCrackCaptchaClient       Func=RequestServer             Err=0         	RequestServer Success
2018-02-14 12:35:12.651 Level=2 class=CMySocket                 Func=Connect                   Err=0         	Connect server(-392991705:9311) success(socket=5728)
2018-02-14 12:35:12.660 Level=2 class=CMySocket                 Func=Connect                   Err=0         	Connect server(-392991705:8809) failed(socket=5688, time=1518582912)
2018-02-14 12:35:12.661 Level=2 class=CMySocket                 Func=Connect                   Err=0         	Connect server(-392991705:8373) failed(socket=5680, time=1518582912)
2018-02-14 12:35:12.663 Level=0 class=CCrackCaptchaClient       Func=OnSocketAccepting         Err=0         	[2]connected to server(ip=-392991705, port=9311)
2018-02-14 12:35:12.665 Level=3 class=CCrackCaptchaClient       Func=InnerLogin                Err=0         	Enter InnerLogin
2018-02-14 12:35:12.667 Level=2 class=CCrackCaptchaClient       Func=InnerLogin                Err=0         	[2]request: seq=2, cmd=48
2018-02-14 12:35:12.668 Level=2 class=CCrackCaptchaClient       Func=OnSocketDataSent          Err=0         	[2]Data sent(len=186)
2018-02-14 12:35:12.714 Level=2 class=CCrackCaptchaClient       Func=HandleReceivedData        Err=0         	[2]received: seq=2, cmd=48, rsp=0
2018-02-14 12:35:12.716 Level=2 class=CCrackCaptchaClient       Func=InnerLogin                Err=0         	moker1018 login(softname=test)
2018-02-14 12:35:12.718 Level=3 class=CCrackCaptchaClient       Func=InnerLogin                Err=0         	Exit InnerLogin(used 47ms)
2018-02-14 12:35:12.720 Level=3 class=CCrackCaptchaClient       Func=Login                     Err=0         	Exit Login(used 266ms)
2018-02-14 12:35:12.723 Level=2 class=CCrackCaptchaClient       Func=RequestDecode             Err=0         	start decode: datalen=7564, ext=JPG, len=0, timeout=30, type=92056
2018-02-14 12:35:12.736 Level=3 class=CCrackCaptchaClient       Func=RequestDecode             Err=0         	Exit RequestDecode(used 0ms)
2018-02-14 12:35:12.739 Level=0 class=CCrackCaptchaClient       Func=UploadFileThreadFunc      Err=0         	start upload file(seq=3) ...
2018-02-14 12:35:12.741 Level=2 class=CCrackCaptchaClient       Func=GetDecodeResult           Err=0         	start GetResult: processID=3, uTimeout=30000
2018-02-14 12:35:12.744 Level=2 class=CCrackCaptchaClient       Func=UploadFile                Err=0         	[2]request: seq=4, cmd=59
2018-02-14 12:35:12.749 Level=2 class=CCrackCaptchaClient       Func=OnSocketDataSent          Err=0         	[2]Data sent(len=7666)
2018-02-14 12:35:12.759 Level=2 class=CCrackCaptchaClient       Func=HandleReceivedData        Err=0         	[2]received: seq=4, cmd=59, rsp=0
2018-02-14 12:35:12.762 Level=0 class=CCrackCaptchaClient       Func=UploadFileThreadFunc      Err=0         	end upload file(seq=3) ...
2018-02-14 12:35:12.767 Level=2 class=CCrackCaptchaClient       Func=UploadFileThreadFunc      Err=0         	[2]request: seq=3, cmd=53
2018-02-14 12:35:12.771 Level=2 class=CCrackCaptchaClient       Func=OnSocketDataSent          Err=0         	[2]Data sent(len=281)
2018-02-14 12:35:12.811 Level=2 class=CCrackCaptchaClient       Func=HandleReceivedData        Err=0         	[2]received: seq=3, cmd=53, rsp=0
2018-02-14 12:35:12.812 Level=2 class=CCrackCaptchaClient       Func=InnerGetDecodeResult      Err=0         	[2]request: seq=5, cmd=60
2018-02-14 12:35:12.815 Level=2 class=CCrackCaptchaClient       Func=OnSocketDataSent          Err=0         	[2]Data sent(len=38)
2018-02-14 12:35:23.679 Level=2 class=CCrackCaptchaClient       Func=HandleReceivedData        Err=0         	[2]received: seq=5, cmd=60, rsp=0
2018-02-14 12:35:23.680 Level=2 class=CCrackCaptchaClient       Func=InnerGetDecodeResult      Err=0         	GetDecodeResult success(uProcessID=3, vcodeid=1343952127, VCode=ERROR)
2018-02-14 12:35:23.681 Level=0 class=CCrackCaptchaClient       Func=GetDecodeResult           Err=0         	GetResult Success: processID=3, VCode=ERROR, id=1343952127
2018-02-14 12:35:48.641 Level=3 class=CCrackCaptchaClient       Func=Login                     Err=0         	Enter Login
2018-02-14 12:35:48.642 Level=3 class=CCrackCaptchaClient       Func=Login                     Err=0         	Exit Login(used 0ms)
2018-02-14 12:35:48.643 Level=2 class=CCrackCaptchaClient       Func=RequestDecode             Err=0         	start decode: datalen=7419, ext=JPG, len=0, timeout=30, type=92056
2018-02-14 12:35:48.644 Level=0 class=CCrackCaptchaClient       Func=UploadFileThreadFunc      Err=0         	start upload file(seq=6) ...
2018-02-14 12:35:48.645 Level=3 class=CCrackCaptchaClient       Func=RequestDecode             Err=0         	Exit RequestDecode(used 0ms)
2018-02-14 12:35:48.646 Level=2 class=CCrackCaptchaClient       Func=UploadFile                Err=0         	[2]request: seq=7, cmd=59
2018-02-14 12:35:48.647 Level=2 class=CCrackCaptchaClient       Func=GetDecodeResult           Err=0         	start GetResult: processID=6, uTimeout=30000
2018-02-14 12:35:48.649 Level=2 class=CCrackCaptchaClient       Func=OnSocketDataSent          Err=0         	[2]Data sent(len=7521)
2018-02-14 12:35:48.661 Level=2 class=CCrackCaptchaClient       Func=HandleReceivedData        Err=0         	[2]received: seq=7, cmd=59, rsp=0
2018-02-14 12:35:48.662 Level=0 class=CCrackCaptchaClient       Func=UploadFileThreadFunc      Err=0         	end upload file(seq=6) ...
2018-02-14 12:35:48.664 Level=2 class=CCrackCaptchaClient       Func=UploadFileThreadFunc      Err=0         	[2]request: seq=6, cmd=53
2018-02-14 12:35:48.666 Level=2 class=CCrackCaptchaClient       Func=OnSocketDataSent          Err=0         	[2]Data sent(len=284)
2018-02-14 12:35:48.708 Level=2 class=CCrackCaptchaClient       Func=HandleReceivedData        Err=0         	[2]received: seq=6, cmd=53, rsp=0
2018-02-14 12:35:48.709 Level=2 class=CCrackCaptchaClient       Func=InnerGetDecodeResult      Err=0         	[2]request: seq=8, cmd=60
2018-02-14 12:35:48.711 Level=2 class=CCrackCaptchaClient       Func=OnSocketDataSent          Err=0         	[2]Data sent(len=38)
2018-02-14 12:35:52.108 Level=2 class=CCrackCaptchaClient       Func=HandleReceivedData        Err=0         	[2]received: seq=8, cmd=60, rsp=0
2018-02-14 12:35:52.110 Level=2 class=CCrackCaptchaClient       Func=InnerGetDecodeResult      Err=0         	GetDecodeResult success(uProcessID=6, vcodeid=1343954105, VCode=E6HGQ)
2018-02-14 12:35:52.112 Level=0 class=CCrackCaptchaClient       Func=GetDecodeResult           Err=0         	GetResult Success: processID=6, VCode=E6HGQ, id=1343954105
2018-02-14 12:36:19.167 Level=3 class=CCrackCaptchaClient       Func=Login                     Err=0         	Enter Login
2018-02-14 12:36:19.168 Level=3 class=CCrackCaptchaClient       Func=Login                     Err=0         	Exit Login(used 0ms)
2018-02-14 12:36:19.169 Level=2 class=CCrackCaptchaClient       Func=RequestDecode             Err=0         	start decode: datalen=10010, ext=JPG, len=0, timeout=30, type=92056
2018-02-14 12:36:19.170 Level=3 class=CCrackCaptchaClient       Func=RequestDecode             Err=0         	Exit RequestDecode(used 0ms)
2018-02-14 12:36:19.172 Level=0 class=CCrackCaptchaClient       Func=UploadFileThreadFunc      Err=0         	start upload file(seq=9) ...
2018-02-14 12:36:19.173 Level=2 class=CCrackCaptchaClient       Func=GetDecodeResult           Err=0         	start GetResult: processID=9, uTimeout=30000
2018-02-14 12:36:19.173 Level=2 class=CCrackCaptchaClient       Func=UploadFile                Err=0         	[2]request: seq=10, cmd=59
2018-02-14 12:36:19.176 Level=2 class=CCrackCaptchaClient       Func=OnSocketDataSent          Err=0         	[2]Data sent(len=10112)
2018-02-14 12:36:19.187 Level=2 class=CCrackCaptchaClient       Func=HandleReceivedData        Err=0         	[2]received: seq=10, cmd=59, rsp=0
2018-02-14 12:36:19.188 Level=0 class=CCrackCaptchaClient       Func=UploadFileThreadFunc      Err=0         	end upload file(seq=9) ...
2018-02-14 12:36:19.190 Level=2 class=CCrackCaptchaClient       Func=UploadFileThreadFunc      Err=0         	[2]request: seq=9, cmd=53
2018-02-14 12:36:19.192 Level=2 class=CCrackCaptchaClient       Func=OnSocketDataSent          Err=0         	[2]Data sent(len=282)
2018-02-14 12:36:19.237 Level=2 class=CCrackCaptchaClient       Func=HandleReceivedData        Err=0         	[2]received: seq=9, cmd=53, rsp=0
2018-02-14 12:36:19.238 Level=2 class=CCrackCaptchaClient       Func=InnerGetDecodeResult      Err=0         	[2]request: seq=11, cmd=60
2018-02-14 12:36:19.239 Level=2 class=CCrackCaptchaClient       Func=OnSocketDataSent          Err=0         	[2]Data sent(len=38)
2018-02-14 12:36:38.536 Level=2 class=CCrackCaptchaClient       Func=HandleReceivedData        Err=0         	[2]received: seq=11, cmd=60, rsp=0
2018-02-14 12:36:38.539 Level=2 class=CCrackCaptchaClient       Func=InnerGetDecodeResult      Err=0         	GetDecodeResult success(uProcessID=9, vcodeid=1343956038, VCode=WLM5M)
2018-02-14 12:36:38.542 Level=0 class=CCrackCaptchaClient       Func=GetDecodeResult           Err=0         	GetResult Success: processID=9, VCode=WLM5M, id=1343956038
2018-02-14 12:36:56.467 Level=3 class=CCrackCaptchaClient       Func=Login                     Err=0         	Enter Login
2018-02-14 12:36:56.467 Level=3 class=CCrackCaptchaClient       Func=Login                     Err=0         	Exit Login(used 0ms)
2018-02-14 12:36:56.468 Level=2 class=CCrackCaptchaClient       Func=RequestDecode             Err=0         	start decode: datalen=11575, ext=JPG, len=0, timeout=30, type=92056
2018-02-14 12:36:56.469 Level=3 class=CCrackCaptchaClient       Func=RequestDecode             Err=0         	Exit RequestDecode(used 0ms)
2018-02-14 12:36:56.470 Level=0 class=CCrackCaptchaClient       Func=UploadFileThreadFunc      Err=0         	start upload file(seq=12) ...
2018-02-14 12:36:56.471 Level=2 class=CCrackCaptchaClient       Func=GetDecodeResult           Err=0         	start GetResult: processID=12, uTimeout=30000
2018-02-14 12:36:56.472 Level=2 class=CCrackCaptchaClient       Func=UploadFile                Err=0         	[2]request: seq=13, cmd=59
2018-02-14 12:36:56.475 Level=2 class=CCrackCaptchaClient       Func=OnSocketDataSent          Err=0         	[2]Data sent(len=11677)
2018-02-14 12:36:56.488 Level=2 class=CCrackCaptchaClient       Func=HandleReceivedData        Err=0         	[2]received: seq=13, cmd=59, rsp=0
2018-02-14 12:36:56.489 Level=0 class=CCrackCaptchaClient       Func=UploadFileThreadFunc      Err=0         	end upload file(seq=12) ...
2018-02-14 12:36:56.493 Level=2 class=CCrackCaptchaClient       Func=UploadFileThreadFunc      Err=0         	[2]request: seq=12, cmd=53
2018-02-14 12:36:56.494 Level=2 class=CCrackCaptchaClient       Func=OnSocketDataSent          Err=0         	[2]Data sent(len=280)
2018-02-14 12:36:56.531 Level=2 class=CCrackCaptchaClient       Func=HandleReceivedData        Err=0         	[2]received: seq=12, cmd=53, rsp=0
2018-02-14 12:36:56.532 Level=2 class=CCrackCaptchaClient       Func=InnerGetDecodeResult      Err=0         	[2]request: seq=14, cmd=60
2018-02-14 12:36:56.533 Level=2 class=CCrackCaptchaClient       Func=OnSocketDataSent          Err=0         	[2]Data sent(len=38)
2018-02-14 12:37:10.943 Level=2 class=CCrackCaptchaClient       Func=HandleReceivedData        Err=0         	[2]received: seq=14, cmd=60, rsp=0
2018-02-14 12:37:10.944 Level=2 class=CCrackCaptchaClient       Func=InnerGetDecodeResult      Err=0         	GetDecodeResult success(uProcessID=12, vcodeid=1343958078, VCode=HZEZX)
2018-02-14 12:37:10.944 Level=0 class=CCrackCaptchaClient       Func=GetDecodeResult           Err=0         	GetResult Success: processID=12, VCode=HZEZX, id=1343958078
2018-02-14 12:37:34.325 Level=3 class=CCrackCaptchaClient       Func=Login                     Err=0         	Enter Login
2018-02-14 12:37:34.326 Level=3 class=CCrackCaptchaClient       Func=Login                     Err=0         	Exit Login(used 0ms)
2018-02-14 12:37:34.328 Level=2 class=CCrackCaptchaClient       Func=RequestDecode             Err=0         	start decode: datalen=10898, ext=JPG, len=0, timeout=30, type=92056
2018-02-14 12:37:34.329 Level=3 class=CCrackCaptchaClient       Func=RequestDecode             Err=0         	Exit RequestDecode(used 0ms)
2018-02-14 12:37:34.330 Level=0 class=CCrackCaptchaClient       Func=UploadFileThreadFunc      Err=0         	start upload file(seq=15) ...
2018-02-14 12:37:34.331 Level=2 class=CCrackCaptchaClient       Func=GetDecodeResult           Err=0         	start GetResult: processID=15, uTimeout=30000
2018-02-14 12:37:34.332 Level=2 class=CCrackCaptchaClient       Func=UploadFile                Err=0         	[2]request: seq=16, cmd=59
2018-02-14 12:37:34.336 Level=2 class=CCrackCaptchaClient       Func=OnSocketDataSent          Err=0         	[2]Data sent(len=11000)
2018-02-14 12:37:34.352 Level=2 class=CCrackCaptchaClient       Func=HandleReceivedData        Err=0         	[2]received: seq=16, cmd=59, rsp=0
2018-02-14 12:37:34.353 Level=0 class=CCrackCaptchaClient       Func=UploadFileThreadFunc      Err=0         	end upload file(seq=15) ...
2018-02-14 12:37:34.355 Level=2 class=CCrackCaptchaClient       Func=UploadFileThreadFunc      Err=0         	[2]request: seq=15, cmd=53
2018-02-14 12:37:34.357 Level=2 class=CCrackCaptchaClient       Func=OnSocketDataSent          Err=0         	[2]Data sent(len=282)
2018-02-14 12:37:34.396 Level=2 class=CCrackCaptchaClient       Func=HandleReceivedData        Err=0         	[2]received: seq=15, cmd=53, rsp=0
2018-02-14 12:37:34.397 Level=2 class=CCrackCaptchaClient       Func=InnerGetDecodeResult      Err=0         	[2]request: seq=17, cmd=60
2018-02-14 12:37:34.399 Level=2 class=CCrackCaptchaClient       Func=OnSocketDataSent          Err=0         	[2]Data sent(len=38)
2018-02-14 12:37:40.599 Level=2 class=CCrackCaptchaClient       Func=HandleReceivedData        Err=0         	[2]received: seq=17, cmd=60, rsp=0
2018-02-14 12:37:40.602 Level=2 class=CCrackCaptchaClient       Func=InnerGetDecodeResult      Err=0         	GetDecodeResult success(uProcessID=15, vcodeid=1343960086, VCode=DQXYB)
2018-02-14 12:37:40.604 Level=0 class=CCrackCaptchaClient       Func=GetDecodeResult           Err=0         	GetResult Success: processID=15, VCode=DQXYB, id=1343960086
2018-02-14 12:38:36.941 Level=3 class=CCrackCaptchaClient       Func=Login                     Err=0         	Enter Login
2018-02-14 12:38:36.951 Level=2 class=CMySocket                 Func=Connect                   Err=0         	Connect server(1397801337:123) success(socket=5504): connect return: 0
2018-02-14 12:38:36.953 Level=2 class=CMySocket                 Func=Connect                   Err=-1102     	Connect fail(err=10049, server=20140207, port=123, socket=5496, time=1518583116)
2018-02-14 12:38:37.052 Level=2 class=CMySocket                 Func=Connect                   Err=0         	Connect server(1910298604:80) success(socket=5588)
2018-02-14 12:38:37.054 Level=2 class=CMySocket                 Func=Connect                   Err=0         	Connect server(43250739:123) success(socket=5560): connect return: 0
2018-02-14 12:38:37.055 Level=2 class=CMySocket                 Func=Connect                   Err=0         	Connect server(-61387984:123) success(socket=5528): connect return: 0
2018-02-14 12:38:37.080 Level=2 class=TimeSync                  Func=RequestITime              Err=0         	Synchronize time success by cn.ntp.org.cn:123
2018-02-14 12:38:37.081 Level=2 class=CCrackCaptchaClient       Func=RequestServer             Err=0         	[1]request: seq=1, cmd=144
2018-02-14 12:38:37.103 Level=2 class=CMySocket                 Func=Connect                   Err=0         	Connect server(-1791488219:8809) success(socket=5664)
2018-02-14 12:38:37.107 Level=2 class=CMySocket                 Func=Connect                   Err=0         	Connect server(898699045:8809) success(socket=5688)
2018-02-14 12:38:37.113 Level=2 class=CMySocket                 Func=Connect                   Err=0         	Connect server(898699045:8237) failed(socket=5716, time=1518583117)
2018-02-14 12:38:37.117 Level=2 class=CMySocket                 Func=Connect                   Err=0         	Connect server(898699045:9311) failed(socket=5516, time=1518583117)
2018-02-14 12:38:37.118 Level=2 class=CMySocket                 Func=Connect                   Err=0         	Connect server(-1791488219:8237) failed(socket=5552, time=1518583117)
2018-02-14 12:38:37.119 Level=2 class=CMySocket                 Func=Connect                   Err=0         	Connect server(-1791488219:9311) failed(socket=5600, time=1518583117)
2018-02-14 12:38:37.124 Level=0 class=CCrackCaptchaClient       Func=RequestServer             Err=0         	send data ok
2018-02-14 12:38:37.134 Level=0 class=CCrackCaptchaClient       Func=RequestServer             Err=0         	recv data(len= 90)
2018-02-14 12:38:37.135 Level=0 class=CCrackCaptchaClient       Func=RequestServer             Err=0         	recv data ok
2018-02-14 12:38:37.136 Level=2 class=CCrackCaptchaClient       Func=RequestServer             Err=0         	RequestServer Success
2018-02-14 12:38:37.148 Level=2 class=CMySocket                 Func=Connect                   Err=0         	Connect server(-392991705:8809) success(socket=5716)
2018-02-14 12:38:37.158 Level=2 class=CMySocket                 Func=Connect                   Err=0         	Connect server(-392991705:8237) failed(socket=5564, time=1518583117)
2018-02-14 12:38:37.163 Level=2 class=CMySocket                 Func=Connect                   Err=0         	Connect server(-392991705:9311) failed(socket=5688, time=1518583117)
2018-02-14 12:38:37.166 Level=0 class=CCrackCaptchaClient       Func=OnSocketAccepting         Err=0         	[2]connected to server(ip=-392991705, port=8809)
2018-02-14 12:38:37.168 Level=3 class=CCrackCaptchaClient       Func=InnerLogin                Err=0         	Enter InnerLogin
2018-02-14 12:38:37.171 Level=2 class=CCrackCaptchaClient       Func=InnerLogin                Err=0         	[2]request: seq=2, cmd=48
2018-02-14 12:38:37.173 Level=2 class=CCrackCaptchaClient       Func=OnSocketDataSent          Err=0         	[2]Data sent(len=186)
2018-02-14 12:38:37.214 Level=2 class=CCrackCaptchaClient       Func=HandleReceivedData        Err=0         	[2]received: seq=2, cmd=48, rsp=0
2018-02-14 12:38:37.215 Level=2 class=CCrackCaptchaClient       Func=InnerLogin                Err=0         	moker1018 login(softname=test)
2018-02-14 12:38:37.216 Level=3 class=CCrackCaptchaClient       Func=InnerLogin                Err=0         	Exit InnerLogin(used 47ms)
2018-02-14 12:38:37.217 Level=3 class=CCrackCaptchaClient       Func=Login                     Err=0         	Exit Login(used 266ms)
2018-02-14 12:38:37.218 Level=2 class=CCrackCaptchaClient       Func=RequestDecode             Err=0         	start decode: datalen=8985, ext=JPG, len=0, timeout=30, type=92056
2018-02-14 12:38:37.224 Level=3 class=CCrackCaptchaClient       Func=RequestDecode             Err=0         	Exit RequestDecode(used 15ms)
2018-02-14 12:38:37.225 Level=0 class=CCrackCaptchaClient       Func=UploadFileThreadFunc      Err=0         	start upload file(seq=3) ...
2018-02-14 12:38:37.225 Level=2 class=CCrackCaptchaClient       Func=GetDecodeResult           Err=0         	start GetResult: processID=3, uTimeout=30000
2018-02-14 12:38:37.226 Level=2 class=CCrackCaptchaClient       Func=UploadFile                Err=0         	[2]request: seq=4, cmd=59
2018-02-14 12:38:37.229 Level=2 class=CCrackCaptchaClient       Func=OnSocketDataSent          Err=0         	[2]Data sent(len=9087)
2018-02-14 12:38:37.250 Level=2 class=CCrackCaptchaClient       Func=HandleReceivedData        Err=0         	[2]received: seq=4, cmd=59, rsp=0
2018-02-14 12:38:37.251 Level=0 class=CCrackCaptchaClient       Func=UploadFileThreadFunc      Err=0         	end upload file(seq=3) ...
2018-02-14 12:38:37.253 Level=2 class=CCrackCaptchaClient       Func=UploadFileThreadFunc      Err=0         	[2]request: seq=3, cmd=53
2018-02-14 12:38:37.254 Level=2 class=CCrackCaptchaClient       Func=OnSocketDataSent          Err=0         	[2]Data sent(len=280)
2018-02-14 12:38:37.295 Level=2 class=CCrackCaptchaClient       Func=HandleReceivedData        Err=0         	[2]received: seq=3, cmd=53, rsp=0
2018-02-14 12:38:37.296 Level=2 class=CCrackCaptchaClient       Func=InnerGetDecodeResult      Err=0         	[2]request: seq=5, cmd=60
2018-02-14 12:38:37.298 Level=2 class=CCrackCaptchaClient       Func=OnSocketDataSent          Err=0         	[2]Data sent(len=38)
2018-02-14 12:38:51.183 Level=2 class=CCrackCaptchaClient       Func=HandleReceivedData        Err=0         	[2]received: seq=5, cmd=60, rsp=0
2018-02-14 12:38:51.184 Level=2 class=CCrackCaptchaClient       Func=InnerGetDecodeResult      Err=0         	GetDecodeResult success(uProcessID=3, vcodeid=1343963642, VCode=D8T3E)
2018-02-14 12:38:51.184 Level=0 class=CCrackCaptchaClient       Func=GetDecodeResult           Err=0         	GetResult Success: processID=3, VCode=D8T3E, id=1343963642
2018-02-14 12:39:07.533 Level=3 class=CCrackCaptchaClient       Func=Login                     Err=0         	Enter Login
2018-02-14 12:39:07.534 Level=3 class=CCrackCaptchaClient       Func=Login                     Err=0         	Exit Login(used 0ms)
2018-02-14 12:39:07.535 Level=2 class=CCrackCaptchaClient       Func=RequestDecode             Err=0         	start decode: datalen=9741, ext=JPG, len=0, timeout=30, type=92056
2018-02-14 12:39:07.536 Level=3 class=CCrackCaptchaClient       Func=RequestDecode             Err=0         	Exit RequestDecode(used 0ms)
2018-02-14 12:39:07.537 Level=0 class=CCrackCaptchaClient       Func=UploadFileThreadFunc      Err=0         	start upload file(seq=6) ...
2018-02-14 12:39:07.538 Level=2 class=CCrackCaptchaClient       Func=GetDecodeResult           Err=0         	start GetResult: processID=6, uTimeout=30000
2018-02-14 12:39:07.539 Level=2 class=CCrackCaptchaClient       Func=UploadFile                Err=0         	[2]request: seq=7, cmd=59
2018-02-14 12:39:07.542 Level=2 class=CCrackCaptchaClient       Func=OnSocketDataSent          Err=0         	[2]Data sent(len=9843)
2018-02-14 12:39:07.553 Level=2 class=CCrackCaptchaClient       Func=HandleReceivedData        Err=0         	[2]received: seq=7, cmd=59, rsp=0
2018-02-14 12:39:07.554 Level=0 class=CCrackCaptchaClient       Func=UploadFileThreadFunc      Err=0         	end upload file(seq=6) ...
2018-02-14 12:39:07.557 Level=2 class=CCrackCaptchaClient       Func=UploadFileThreadFunc      Err=0         	[2]request: seq=6, cmd=53
2018-02-14 12:39:07.559 Level=2 class=CCrackCaptchaClient       Func=OnSocketDataSent          Err=0         	[2]Data sent(len=281)
2018-02-14 12:39:07.603 Level=2 class=CCrackCaptchaClient       Func=HandleReceivedData        Err=0         	[2]received: seq=6, cmd=53, rsp=0
2018-02-14 12:39:07.604 Level=2 class=CCrackCaptchaClient       Func=InnerGetDecodeResult      Err=0         	[2]request: seq=8, cmd=60
2018-02-14 12:39:07.606 Level=2 class=CCrackCaptchaClient       Func=OnSocketDataSent          Err=0         	[2]Data sent(len=38)
2018-02-14 12:39:12.832 Level=2 class=CCrackCaptchaClient       Func=HandleReceivedData        Err=0         	[2]received: seq=8, cmd=60, rsp=0
2018-02-14 12:39:12.833 Level=2 class=CCrackCaptchaClient       Func=InnerGetDecodeResult      Err=0         	GetDecodeResult success(uProcessID=6, vcodeid=1343965359, VCode=NYMNW)
2018-02-14 12:39:12.834 Level=0 class=CCrackCaptchaClient       Func=GetDecodeResult           Err=0         	GetResult Success: processID=6, VCode=NYMNW, id=1343965359
2018-02-14 12:39:32.168 Level=3 class=CCrackCaptchaClient       Func=Login                     Err=0         	Enter Login
2018-02-14 12:39:32.169 Level=3 class=CCrackCaptchaClient       Func=Login                     Err=0         	Exit Login(used 0ms)
2018-02-14 12:39:32.171 Level=2 class=CCrackCaptchaClient       Func=RequestDecode             Err=0         	start decode: datalen=9263, ext=JPG, len=0, timeout=30, type=92056
2018-02-14 12:39:32.172 Level=3 class=CCrackCaptchaClient       Func=RequestDecode             Err=0         	Exit RequestDecode(used 0ms)
2018-02-14 12:39:32.174 Level=0 class=CCrackCaptchaClient       Func=UploadFileThreadFunc      Err=0         	start upload file(seq=9) ...
2018-02-14 12:39:32.175 Level=2 class=CCrackCaptchaClient       Func=GetDecodeResult           Err=0         	start GetResult: processID=9, uTimeout=30000
2018-02-14 12:39:32.177 Level=2 class=CCrackCaptchaClient       Func=UploadFile                Err=0         	[2]request: seq=10, cmd=59
2018-02-14 12:39:32.182 Level=2 class=CCrackCaptchaClient       Func=OnSocketDataSent          Err=0         	[2]Data sent(len=9365)
2018-02-14 12:39:32.201 Level=2 class=CCrackCaptchaClient       Func=HandleReceivedData        Err=0         	[2]received: seq=10, cmd=59, rsp=0
2018-02-14 12:39:32.202 Level=0 class=CCrackCaptchaClient       Func=UploadFileThreadFunc      Err=0         	end upload file(seq=9) ...
2018-02-14 12:39:32.204 Level=2 class=CCrackCaptchaClient       Func=UploadFileThreadFunc      Err=0         	[2]request: seq=9, cmd=53
2018-02-14 12:39:32.205 Level=2 class=CCrackCaptchaClient       Func=OnSocketDataSent          Err=0         	[2]Data sent(len=281)
2018-02-14 12:39:32.246 Level=2 class=CCrackCaptchaClient       Func=HandleReceivedData        Err=0         	[2]received: seq=9, cmd=53, rsp=0
2018-02-14 12:39:32.247 Level=2 class=CCrackCaptchaClient       Func=InnerGetDecodeResult      Err=0         	[2]request: seq=11, cmd=60
2018-02-14 12:39:32.248 Level=2 class=CCrackCaptchaClient       Func=OnSocketDataSent          Err=0         	[2]Data sent(len=38)
2018-02-14 12:39:37.031 Level=2 class=CCrackCaptchaClient       Func=HandleReceivedData        Err=0         	[2]received: seq=11, cmd=60, rsp=0
2018-02-14 12:39:37.032 Level=2 class=CCrackCaptchaClient       Func=InnerGetDecodeResult      Err=0         	GetDecodeResult success(uProcessID=9, vcodeid=1343966683, VCode=9QQHJ)
2018-02-14 12:39:37.032 Level=0 class=CCrackCaptchaClient       Func=GetDecodeResult           Err=0         	GetResult Success: processID=9, VCode=9QQHJ, id=1343966683
